<?xml version="1.0" encoding="UTF-8"?>
<!-- Generated by org.testng.reporters.JUnitReportReporter -->
<testsuite skipped="0" hostname="Manpreet" name="com.pageObject.testcases.CreateNewContactTest" tests="4" failures="0" timestamp="06 May 2021 17:43:58 GMT" time="64.327" errors="0">
  <testcase name="createNewContactTest" time="16.035" classname="com.pageObject.testcases.CreateNewContactTest"/>
  <testcase name="createNewContactTest" time="15.506" classname="com.pageObject.testcases.CreateNewContactTest"/>
  <testcase name="createNewContactTest" time="15.889" classname="com.pageObject.testcases.CreateNewContactTest"/>
  <testcase name="createNewContactTest" time="16.897" classname="com.pageObject.testcases.CreateNewContactTest"/>
</testsuite> <!-- com.pageObject.testcases.CreateNewContactTest -->
