<?xml version="1.0" encoding="UTF-8"?>
<!-- Generated by org.testng.reporters.JUnitReportReporter -->
<testsuite skipped="0" hostname="Manpreet" name="com.pageObject.testcases.LoginTest" tests="1" failures="0" timestamp="04 May 2021 03:12:38 GMT" time="16.794" errors="0">
  <testcase name="doLoginTest" time="16.794" classname="com.pageObject.testcases.LoginTest"/>
</testsuite> <!-- com.pageObject.testcases.LoginTest -->
