<?xml version="1.0" encoding="UTF-8"?>
<!-- Generated by org.testng.reporters.JUnitReportReporter -->
<testsuite skipped="0" hostname="Manpreet" name="com.pageObject.testcases.CreateNewContactTest" tests="4" failures="0" timestamp="12 May 2021 10:48:59 GMT" time="264.776" errors="0">
  <testcase name="createNewContactTest" time="56.550" classname="com.pageObject.testcases.CreateNewContactTest"/>
  <testcase name="createNewContactTest" time="55.634" classname="com.pageObject.testcases.CreateNewContactTest"/>
  <testcase name="createNewContactTest" time="56.975" classname="com.pageObject.testcases.CreateNewContactTest"/>
  <testcase name="createNewContactTest" time="95.617" classname="com.pageObject.testcases.CreateNewContactTest"/>
</testsuite> <!-- com.pageObject.testcases.CreateNewContactTest -->
