<?xml version="1.0" encoding="UTF-8"?>
<!-- Generated by org.testng.reporters.JUnitReportReporter -->
<testsuite skipped="0" hostname="Manpreet" name="com.pageObject.testcases.CreateNewDealTest" tests="4" failures="0" timestamp="12 May 2021 11:15:57 GMT" time="220.014" errors="0">
  <testcase name="createNewDealTest" time="54.589" classname="com.pageObject.testcases.CreateNewDealTest"/>
  <testcase name="createNewDealTest" time="56.485" classname="com.pageObject.testcases.CreateNewDealTest"/>
  <testcase name="createNewDealTest" time="54.234" classname="com.pageObject.testcases.CreateNewDealTest"/>
  <testcase name="createNewDealTest" time="54.706" classname="com.pageObject.testcases.CreateNewDealTest"/>
</testsuite> <!-- com.pageObject.testcases.CreateNewDealTest -->
