<?xml version="1.0" encoding="UTF-8"?>
<!-- Generated by org.testng.reporters.JUnitReportReporter -->
<testsuite skipped="0" hostname="Manpreet" name="com.pageObject.testcases.CreateNewContactTest" tests="4" failures="0" timestamp="15 May 2021 08:10:27 GMT" time="284.513" errors="0">
  <testcase name="createNewContactTest" time="62.750" classname="com.pageObject.testcases.CreateNewContactTest"/>
  <testcase name="createNewContactTest" time="100.916" classname="com.pageObject.testcases.CreateNewContactTest"/>
  <testcase name="createNewContactTest" time="60.959" classname="com.pageObject.testcases.CreateNewContactTest"/>
  <testcase name="createNewContactTest" time="59.888" classname="com.pageObject.testcases.CreateNewContactTest"/>
</testsuite> <!-- com.pageObject.testcases.CreateNewContactTest -->
