<?xml version="1.0" encoding="UTF-8"?>
<!-- Generated by org.testng.reporters.JUnitReportReporter -->
<testsuite skipped="0" hostname="Manpreet" name="com.pageObject.testcases.CreateNewDealTest" tests="4" failures="0" timestamp="07 May 2021 17:40:23 GMT" time="58.128" errors="0">
  <testcase name="createNewDealTest" time="14.842" classname="com.pageObject.testcases.CreateNewDealTest"/>
  <testcase name="createNewDealTest" time="14.539" classname="com.pageObject.testcases.CreateNewDealTest"/>
  <testcase name="createNewDealTest" time="14.483" classname="com.pageObject.testcases.CreateNewDealTest"/>
  <testcase name="createNewDealTest" time="14.264" classname="com.pageObject.testcases.CreateNewDealTest"/>
</testsuite> <!-- com.pageObject.testcases.CreateNewDealTest -->
