<?xml version="1.0" encoding="UTF-8"?>
<!-- Generated by org.testng.reporters.JUnitReportReporter -->
<testsuite skipped="0" hostname="Manpreet" name="com.pageObject.testcases.CreateNewDealTest" tests="4" failures="0" timestamp="06 May 2021 18:16:42 GMT" time="61.100" errors="0">
  <testcase name="createNewDealTest" time="15.150" classname="com.pageObject.testcases.CreateNewDealTest"/>
  <testcase name="createNewDealTest" time="15.894" classname="com.pageObject.testcases.CreateNewDealTest"/>
  <testcase name="createNewDealTest" time="14.912" classname="com.pageObject.testcases.CreateNewDealTest"/>
  <testcase name="createNewDealTest" time="15.144" classname="com.pageObject.testcases.CreateNewDealTest"/>
</testsuite> <!-- com.pageObject.testcases.CreateNewDealTest -->
