<?xml version="1.0" encoding="UTF-8"?>
<!-- Generated by org.testng.reporters.JUnitReportReporter -->
<testsuite skipped="0" hostname="Manpreet" name="com.pageObject.testcases.CreateNewContactTest" tests="4" failures="0" timestamp="07 May 2021 17:40:23 GMT" time="62.123" errors="0">
  <testcase name="createNewContactTest" time="15.035" classname="com.pageObject.testcases.CreateNewContactTest"/>
  <testcase name="createNewContactTest" time="15.435" classname="com.pageObject.testcases.CreateNewContactTest"/>
  <testcase name="createNewContactTest" time="15.997" classname="com.pageObject.testcases.CreateNewContactTest"/>
  <testcase name="createNewContactTest" time="15.656" classname="com.pageObject.testcases.CreateNewContactTest"/>
</testsuite> <!-- com.pageObject.testcases.CreateNewContactTest -->
