<?xml version="1.0" encoding="UTF-8"?>
<!-- Generated by org.testng.reporters.JUnitReportReporter -->
<testsuite skipped="0" hostname="Manpreet" name="com.pageObject.testcases.CreateNewContactTest" tests="4" failures="0" timestamp="10 May 2021 11:54:36 GMT" time="71.574" errors="0">
  <testcase name="createNewContactTest" time="17.874" classname="com.pageObject.testcases.CreateNewContactTest"/>
  <testcase name="createNewContactTest" time="17.705" classname="com.pageObject.testcases.CreateNewContactTest"/>
  <testcase name="createNewContactTest" time="16.795" classname="com.pageObject.testcases.CreateNewContactTest"/>
  <testcase name="createNewContactTest" time="19.200" classname="com.pageObject.testcases.CreateNewContactTest"/>
</testsuite> <!-- com.pageObject.testcases.CreateNewContactTest -->
