<?xml version="1.0" encoding="UTF-8"?>
<!-- Generated by org.testng.reporters.JUnitReportReporter -->
<testsuite skipped="0" hostname="Manpreet" name="com.pageObject.testcases.CreateNewDealTest" tests="4" failures="0" timestamp="10 May 2021 11:54:36 GMT" time="66.377" errors="0">
  <testcase name="createNewDealTest" time="16.712" classname="com.pageObject.testcases.CreateNewDealTest"/>
  <testcase name="createNewDealTest" time="16.153" classname="com.pageObject.testcases.CreateNewDealTest"/>
  <testcase name="createNewDealTest" time="16.647" classname="com.pageObject.testcases.CreateNewDealTest"/>
  <testcase name="createNewDealTest" time="16.865" classname="com.pageObject.testcases.CreateNewDealTest"/>
</testsuite> <!-- com.pageObject.testcases.CreateNewDealTest -->
