<?xml version="1.0" encoding="UTF-8"?>
<!-- Generated by org.testng.reporters.JUnitReportReporter -->
<testsuite skipped="0" hostname="Manpreet" name="com.pageObject.testcases.CreateNewDealTest" tests="4" failures="0" timestamp="15 May 2021 08:10:27 GMT" time="243.042" errors="0">
  <testcase name="createNewDealTest" time="62.069" classname="com.pageObject.testcases.CreateNewDealTest"/>
  <testcase name="createNewDealTest" time="61.391" classname="com.pageObject.testcases.CreateNewDealTest"/>
  <testcase name="createNewDealTest" time="59.678" classname="com.pageObject.testcases.CreateNewDealTest"/>
  <testcase name="createNewDealTest" time="59.904" classname="com.pageObject.testcases.CreateNewDealTest"/>
</testsuite> <!-- com.pageObject.testcases.CreateNewDealTest -->
